0 info it worked if it ends with ok
1 verbose cli [ '/home/ubuntu/.nvm/v0.10.33/bin/node',
1 verbose cli   '/home/ubuntu/.nvm/v0.10.33/bin/npm',
1 verbose cli   'install',
1 verbose cli   'tweens.js' ]
2 info using npm@1.4.28
3 info using node@v0.10.33
4 warn package.json chat-example@0.0.0 No repository field.
5 verbose readDependencies using package.json deps
6 verbose cache add [ 'tweens.js', null ]
7 verbose cache add name=undefined spec="tweens.js" args=["tweens.js",null]
8 verbose parsed url { protocol: null,
8 verbose parsed url   slashes: null,
8 verbose parsed url   auth: null,
8 verbose parsed url   host: null,
8 verbose parsed url   port: null,
8 verbose parsed url   hostname: null,
8 verbose parsed url   hash: null,
8 verbose parsed url   search: null,
8 verbose parsed url   query: null,
8 verbose parsed url   pathname: 'tweens.js',
8 verbose parsed url   path: 'tweens.js',
8 verbose parsed url   href: 'tweens.js' }
9 silly lockFile afd9217e-tweens-js tweens.js
10 verbose lock tweens.js /home/ubuntu/.npm/afd9217e-tweens-js.lock
11 silly lockFile afd9217e-tweens-js tweens.js
12 silly lockFile afd9217e-tweens-js tweens.js
13 verbose addNamed [ 'tweens.js', '' ]
14 verbose addNamed [ null, '*' ]
15 silly lockFile 94b68472-tweens-js tweens.js@
16 verbose lock tweens.js@ /home/ubuntu/.npm/94b68472-tweens-js.lock
17 silly addNameRange { name: 'tweens.js', range: '*', hasData: false }
18 verbose request where is /tweens.js
19 verbose request registry https://registry.npmjs.org/
20 verbose request id 325d9d7fd8074e0b
21 verbose url raw /tweens.js
22 verbose url resolving [ 'https://registry.npmjs.org/', './tweens.js' ]
23 verbose url resolved https://registry.npmjs.org/tweens.js
24 verbose request where is https://registry.npmjs.org/tweens.js
25 info trying registry request attempt 1 at 03:47:13
26 http GET https://registry.npmjs.org/tweens.js
27 http 404 https://registry.npmjs.org/tweens.js
28 verbose headers { date: 'Tue, 13 Jan 2015 03:47:13 GMT',
28 verbose headers   server: 'CouchDB/1.5.0 (Erlang OTP/R16B03)',
28 verbose headers   'content-type': 'application/json',
28 verbose headers   'cache-control': 'max-age=0',
28 verbose headers   'content-length': '52',
28 verbose headers   'accept-ranges': 'bytes',
28 verbose headers   via: '1.1 varnish',
28 verbose headers   age: '0',
28 verbose headers   'x-served-by': 'cache-ord1733-ORD',
28 verbose headers   'x-cache': 'MISS',
28 verbose headers   'x-cache-hits': '0',
28 verbose headers   'x-timer': 'S1421120833.569491,VS0,VE138',
28 verbose headers   'keep-alive': 'timeout=10, max=50',
28 verbose headers   connection: 'Keep-Alive' }
29 silly registry.get cb [ 404,
29 silly registry.get   { date: 'Tue, 13 Jan 2015 03:47:13 GMT',
29 silly registry.get     server: 'CouchDB/1.5.0 (Erlang OTP/R16B03)',
29 silly registry.get     'content-type': 'application/json',
29 silly registry.get     'cache-control': 'max-age=0',
29 silly registry.get     'content-length': '52',
29 silly registry.get     'accept-ranges': 'bytes',
29 silly registry.get     via: '1.1 varnish',
29 silly registry.get     age: '0',
29 silly registry.get     'x-served-by': 'cache-ord1733-ORD',
29 silly registry.get     'x-cache': 'MISS',
29 silly registry.get     'x-cache-hits': '0',
29 silly registry.get     'x-timer': 'S1421120833.569491,VS0,VE138',
29 silly registry.get     'keep-alive': 'timeout=10, max=50',
29 silly registry.get     connection: 'Keep-Alive' } ]
30 silly lockFile 94b68472-tweens-js tweens.js@
31 silly lockFile 94b68472-tweens-js tweens.js@
32 error 404 404 Not Found: tweens.js
32 error 404
32 error 404 'tweens.js' is not in the npm registry.
32 error 404 You should bug the author to publish it
32 error 404 It was specified as a dependency of 'chat-example'
32 error 404
32 error 404 Maybe try 'npm search tweens'
32 error 404
32 error 404 Note that you can also install from a
32 error 404 tarball, folder, or http url, or git url.
33 error System Linux 3.14.13-c9
34 error command "/home/ubuntu/.nvm/v0.10.33/bin/node" "/home/ubuntu/.nvm/v0.10.33/bin/npm" "install" "tweens.js"
35 error cwd /home/ubuntu/workspace
36 error node -v v0.10.33
37 error npm -v 1.4.28
38 error code E404
39 verbose exit [ 1, true ]
